<?xml version="1.0" encoding="UTF-8"?>
<!-- Generated by org.testng.reporters.JUnitReportReporter -->
<testsuite hostname="WDFN34265195A" name="abc.TestNgMavenExampleTest" tests="1" failures="0" timestamp="30 Apr 2019 12:20:31 GMT" time="0.005" errors="0">
  <testcase name="exampleOfTestNgMaven" time="0.005" classname="abc.TestNgMavenExampleTest"/>
</testsuite> <!-- abc.TestNgMavenExampleTest -->
